This is TeXk, Version 3.14159265 (TeX Live 2018/W32TeX) (preloaded format=tex 2018.11.23)  24 NOV 2018 00:38
 Source specials enabled.
**deleteme.tex
(./deleteme.tex (c:/texlive/2018/texmf-dist/tex/plain/cweb/cwebmac.tex
\PPbox=\box16
\MMbox=\box17
\MGbox=\box18
\MODbox=\box19
\bak=\box20
\bakk=\box21
\ind=\count26
\gdepth=\count27
\secpagedepth=\count28
\gtitle=\toks12
\intersecskip=\skip18
\toksA=\toks13
\toksB=\toks14
\toksC=\toks15
\toksD=\toks16
\toksE=\toks17
\toksF=\toks18
\usersanitizer=\toks19
\countA=\count29
\countB=\count30
\countC=\count31
\pagewidth=\dimen16
\pageheight=\dimen17
\fullpageheight=\dimen18
\pageshift=\dimen19
\cont=\write0
\sbox=\box22
\lbox=\box23
\twodigits=\count32
) *1
[1
\openout0 = `deleteme.toc'.

] [2] *4 [3] [4] [5] [6] [7] [8]
Underfull \hbox (badness 4505) in paragraph at lines 535--536
[]$[][]\tenrm [[]] = 

\hbox(7.5+2.5)x469.75499, glue set 3.55908
.\kern 30.00005
.\hbox(0.0+0.0)x-20.00003
.\mathon
.\hbox(0.0+0.0)x0.0
.\hbox(6.94444+1.94444)x51.07555
..\tenit d
..\tenit e
..\tenit f
..\tenit a
..\tenit u
..etc.
.etc.

[9] [10] [11] [12] [13] *18 [14] [15] *21 [16] [17] [18] [19] [20] [21]
[22] [23] [24] [25] [26] [27] [28] [29] [30] [31] [32] [33] [34] [35] [36]
[37] [38] [39] [40] [41] [42] *63 [43] [44] [45] *69 [46] [47] [48] [49]
[50] *71 [51] [52] *74 [53] [54] [55] [56]
Underfull \hbox (badness 3780) in paragraph at lines 3023--3024
[][] []\tenrm []$[] = 

\hbox(7.5+2.5)x469.75499, glue set 3.35767
.\kern 30.00005
.\hbox(0.0+0.0)x-20.00003
.\hbox(6.94444+0.0)x22.08185
..\tenbf c
..\kern-0.31944
..\tenbf h
..\tenbf a
..\tenbf r
..etc.
.\glue 3.33333 plus 1.66666 minus 1.11111
.\hbox(6.94444+1.94444)x65.8721
..\tenit p
..\tenit i
..\tenit t
..\tenit c
..\tenit h
..etc.
.etc.

[57] [58] [59] *92 [60] [61] [62] [63] *104 [64] [65] [66] *116 [67] [68]
[69] [70] [71] [72] [73] [74] *140 [75] [76] [77] [78] *154 [79] *159 [80]
[81] [82] [83] [84] [85] *177 [86] [87] [88] [89] *183 [90]
Underfull \hbox (badness 1776) in paragraph at lines 5032--5034
[][][][] 

\hbox(6.94444+1.11111)x439.75494, glue set 2.61256
.\hbox(0.0+0.0)x0.52502
..\kern 0.52502
.\kern -0.52502
.\hbox(5.30553+1.11111)x105.52411
..\tentt  
..\tentt  
..\tentt  
..\tentt  
..\tentt  
..etc.
.\kern -0.52502
.\hbox(6.94444+1.11111)x68.2494
..\tentt  
..\tentex P
..\tentex O
..\tentex O
..\tentex F
..etc.
.etc.

[91] [92] *193 [93]
Underfull \hbox (badness 1776) in paragraph at lines 5206--5211
[][][][] 

\hbox(6.94444+1.11111)x439.75494, glue set 2.61256
.\hbox(2.19444+1.11111)x95.0242
..\tentt  
..\tentt  
..\tentt  
..\tentt  
..\tentt  
..etc.
.\hbox(0.0+0.0)x-0.52502
..\kern -0.52502
.\hbox(6.94444+1.11111)x78.74931
..\tentt  
..\tentt  
..\tentt  
..\tentt  
..\tentt  
..etc.
.\discretionary
.\hbox(6.94444+0.8333)x5.24995
..\tentex \
.etc.

[94] [95] [96] *200 [97] *201 Index: (./deleteme.idx [98] [99] [100] [101]
[102] [103]) [104] Section names: (./deleteme.scn [105]) [106]
Table of contents: (./deleteme.toc) [0] )
Output written on deleteme.dvi (107 pages, 459648 bytes).
